[+] Containers:
 |- [+] Container: /Game/ThirdPerson/Maps/ThirdPersonMap
 |   |- [+] ActorDescs:
 |   |   |- Guid:10097AF04FAA56A409FDD09A45A83131 BaseClass: NativeClass:/Script/Engine.StaticMeshActor Name:StaticMeshActor_UAID_706979A6F06B59C301_1766931762 Label:S_Mossy_Stone_Wall_ujyjbehqx_lod3_Var10 SpatiallyLoaded:1 Bounds:IsValid=true, Min=(X=960.219 Y=1.065 Z=-10.713), Max=(X=1023.034 Y=398.775 Z=68.903) RuntimeGrid:None EditorOnly:0 RuntimeOnly:0 HLODRelevant:1 ListedInSceneOutliner:1 IsMainWorldOnly:0
 |   |   |- Guid:18213ABC42205200FF5F1186C4751F95 BaseClass: NativeClass:/Script/Engine.SpotLight Name:SpotLight_UAID_706979A6F06B5AC301_1807716948 Label:SpotLight SpatiallyLoaded:1 Bounds:IsValid=true, Min=(X=254.918 Y=1104.918 Z=-970.164), Max=(X=1645.082 Y=2495.082 Z=420.000) RuntimeGrid:None EditorOnly:0 RuntimeOnly:0 HLODRelevant:0 ListedInSceneOutliner:1 IsMainWorldOnly:0
 |   |   |- Guid:1B80FC434E6B82A3E25203AEAD70680D BaseClass: NativeClass:/Script/Engine.StaticMeshActor Name:StaticMeshActor_UAID_706979A6F06B59C301_1740888758 Label:S_Mossy_Stone_Wall_ujyjbehqx_lod3_Var6 SpatiallyLoaded:1 Bounds:IsValid=true, Min=(X=1300.219 Y=341.065 Z=-10.713), Max=(X=1363.034 Y=738.775 Z=68.903) RuntimeGrid:None EditorOnly:0 RuntimeOnly:0 HLODRelevant:1 ListedInSceneOutliner:1 IsMainWorldOnly:0
 |   |   |- Guid:1C537D54470317940E266E9B4B265F35 BaseClass: NativeClass:/Script/Engine.StaticMeshActor Name:StaticMeshActor_UAID_706979A6F06B59C301_2026442764 Label:S_Pile_Of_Chains_uc1ufamhx_lod4 SpatiallyLoaded:1 Bounds:IsValid=true, Min=(X=896.561 Y=1445.153 Z=-0.084), Max=(X=960.876 Y=1509.912 Z=17.229) RuntimeGrid:None EditorOnly:0 RuntimeOnly:0 HLODRelevant:1 ListedInSceneOutliner:1 IsMainWorldOnly:0
 |   |   |- Guid:2BCFA19849AF60C1B9C45E986B9D085E BaseClass: NativeClass:/Script/Engine.StaticMeshActor Name:StaticMeshActor_UAID_706979A6F06B59C301_2012045763 Label:S_Pile_Of_Chains_uc1ufamhx_lod3 SpatiallyLoaded:1 Bounds:IsValid=true, Min=(X=816.561 Y=1265.153 Z=-0.084), Max=(X=880.876 Y=1329.912 Z=17.229) RuntimeGrid:None EditorOnly:0 RuntimeOnly:0 HLODRelevant:1 ListedInSceneOutliner:1 IsMainWorldOnly:0
 |   |   |- Guid:2FB58999456391D349DC0F86DAC136ED BaseClass: NativeClass:/Script/Engine.SkyLight Name:SkyLight_1 Label:SkyLight SpatiallyLoaded:0 Bounds:IsValid=true, Min=(X=0.000 Y=0.000 Z=690.000), Max=(X=0.000 Y=0.000 Z=690.000) RuntimeGrid:None EditorOnly:0 RuntimeOnly:0 HLODRelevant:0 ListedInSceneOutliner:1 IsMainWorldOnly:0 FolderPath:Lighting FolderGuid:963EC3EB4002CCE9759E2EBA541A873A
 |   |   |- Guid:316CF2A6494ACA4C0E4180A87D36AB8F BaseClass: NativeClass:/Script/Engine.ExponentialHeightFog Name:ExponentialHeightFog_0 Label:ExponentialHeightFog SpatiallyLoaded:0 Bounds:IsValid=true, Min=(X=-5600.000 Y=-50.000 Z=-6850.000), Max=(X=-5600.000 Y=-50.000 Z=-6850.000) RuntimeGrid:None EditorOnly:0 RuntimeOnly:0 HLODRelevant:0 ListedInSceneOutliner:1 IsMainWorldOnly:0 FolderPath:Lighting FolderGuid:963EC3EB4002CCE9759E2EBA541A873A
 |   |   |- Guid:3A00AA1C422CE54C0BDB60BAF471BFBB BaseClass: NativeClass:/Script/Engine.PlayerStart Name:PlayerStart_0 Label:PlayerStart SpatiallyLoaded:0 Bounds:IsValid=true, Min=(X=1090.000 Y=90.000 Z=10.013), Max=(X=1170.000 Y=170.000 Z=194.013) RuntimeGrid:None EditorOnly:0 RuntimeOnly:0 HLODRelevant:0 ListedInSceneOutliner:1 IsMainWorldOnly:0
 |   |   |- Guid:439D8CA143A1C4FACE4E9083FA8C09C6 BaseClass: NativeClass:/Script/Engine.StaticMeshActor Name:StaticMeshActor_UAID_706979A6F06B5AC301_1718935947 Label:S_Wall_Mounted_Chain_uiziefmdw_lod4 SpatiallyLoaded:1 Bounds:IsValid=true, Min=(X=988.367 Y=1569.738 Z=177.512), Max=(X=1091.577 Y=1690.353 Z=214.165) RuntimeGrid:None EditorOnly:0 RuntimeOnly:0 HLODRelevant:1 ListedInSceneOutliner:1 IsMainWorldOnly:0
 |   |   |- Guid:4C96813D44D8422A7E3A709C04AEECAF BaseClass: NativeClass:/Script/Engine.StaticMeshActor Name:StaticMeshActor_UAID_706979A6F06B58C301_2142776571 Label:S_Mossy_Gravestone_wjuvdewqx_lod3_Var4 SpatiallyLoaded:1 Bounds:IsValid=true, Min=(X=554.091 Y=350.185 Z=-13.098), Max=(X=622.782 Y=410.810 Z=142.127) RuntimeGrid:None EditorOnly:0 RuntimeOnly:0 HLODRelevant:1 ListedInSceneOutliner:1 IsMainWorldOnly:0
 |   |   |- Guid:4D3BE93F4146AAAC8BBE79999D96D57F BaseClass: NativeClass:/Script/Engine.VolumetricCloud Name:VolumetricCloud_0 Label:VolumetricCloud SpatiallyLoaded:0 Bounds:IsValid=true, Min=(X=0.000 Y=0.000 Z=820.000), Max=(X=0.000 Y=0.000 Z=820.000) RuntimeGrid:None EditorOnly:0 RuntimeOnly:0 HLODRelevant:0 ListedInSceneOutliner:1 IsMainWorldOnly:0 FolderPath:Lighting FolderGuid:963EC3EB4002CCE9759E2EBA541A873A
 |   |   |- Guid:4F3DF86E43D44477343F85A33E15CC6B BaseClass: NativeClass:/Script/Engine.RectLight Name:RectLight_UAID_706979A6F06B5AC301_1089473942 Label:RectLight SpatiallyLoaded:1 Bounds:IsValid=true, Min=(X=320.000 Y=120.000 Z=-710.000), Max=(X=2320.000 Y=2120.000 Z=1290.000) RuntimeGrid:None EditorOnly:0 RuntimeOnly:0 HLODRelevant:0 ListedInSceneOutliner:1 IsMainWorldOnly:0
 |   |   |- Guid:571C91A1470C3F6FD5AC8D9BF3D8678C BaseClass: NativeClass:/Script/Engine.StaticMeshActor Name:StaticMeshActor_UAID_706979A6F06B59C301_1766884760 Label:S_Mossy_Stone_Wall_ujyjbehqx_lod3_Var8 SpatiallyLoaded:1 Bounds:IsValid=true, Min=(X=960.219 Y=731.065 Z=-10.713), Max=(X=1023.034 Y=1128.775 Z=68.903) RuntimeGrid:None EditorOnly:0 RuntimeOnly:0 HLODRelevant:1 ListedInSceneOutliner:1 IsMainWorldOnly:0
 |   |   |- Guid:612C2A08433670AA7A36679B4A76CE4D BaseClass: NativeClass:/Script/Engine.StaticMeshActor Name:StaticMeshActor_UAID_706979A6F06B58C301_2109057569 Label:S_Mossy_Gravestone_wjuvdewqx_lod3_Var2 SpatiallyLoaded:1 Bounds:IsValid=true, Min=(X=374.091 Y=780.185 Z=-13.098), Max=(X=442.782 Y=840.810 Z=142.127) RuntimeGrid:None EditorOnly:0 RuntimeOnly:0 HLODRelevant:1 ListedInSceneOutliner:1 IsMainWorldOnly:0
 |   |   |- Guid:6713799C4BECAEE9087CDB834EF632AD BaseClass: NativeClass:/Script/Engine.StaticMeshActor Name:StaticMeshActor_UAID_706979A6F06B5AC301_1319841945 Label:S_Japanese_Metal_Lantern_vfvjddova_lod3_Var2 SpatiallyLoaded:1 Bounds:IsValid=true, Min=(X=964.271 Y=1096.690 Z=249.396), Max=(X=1013.232 Y=1143.263 Z=315.360) RuntimeGrid:None EditorOnly:0 RuntimeOnly:0 HLODRelevant:1 ListedInSceneOutliner:1 IsMainWorldOnly:0
 |   |   |- Guid:6BAF4DDD444C60371492D3919DB42C97 BaseClass: NativeClass:/Script/Engine.WorldDataLayers Name:WorldDataLayers Label:WorldDataLayers SpatiallyLoaded:0 Bounds:IsValid=true, Min=(X=0.000 Y=0.000 Z=0.000), Max=(X=0.000 Y=0.000 Z=0.000) RuntimeGrid:None EditorOnly:0 RuntimeOnly:0 HLODRelevant:0 ListedInSceneOutliner:1 IsMainWorldOnly:1
 |   |   |- Guid:711D84964E0674F68063AE8CF4F458F1 BaseClass: NativeClass:/Script/Engine.StaticMeshActor Name:StaticMeshActor_UAID_706979A6F06B59C301_2062201765 Label:S_Wall_Mounted_Chain_uiziefmdw_lod3 SpatiallyLoaded:1 Bounds:IsValid=true, Min=(X=824.998 Y=1565.633 Z=177.512), Max=(X=975.036 Y=1574.468 Z=214.165) RuntimeGrid:None EditorOnly:0 RuntimeOnly:0 HLODRelevant:1 ListedInSceneOutliner:1 IsMainWorldOnly:0
 |   |   |- Guid:7174E36C41BF2F5E077EE992E2A01008 BaseClass: NativeClass:/Script/Engine.StaticMeshActor Name:StaticMeshActor_UAID_706979A6F06B59C301_1606150755 Label:S_Mossy_Stone_Wall_ujyjbehqx_lod3_Var5 SpatiallyLoaded:1 Bounds:IsValid=true, Min=(X=1300.219 Y=731.065 Z=-10.713), Max=(X=1363.034 Y=1128.775 Z=68.903) RuntimeGrid:None EditorOnly:0 RuntimeOnly:0 HLODRelevant:1 ListedInSceneOutliner:1 IsMainWorldOnly:0
 |   |   |- Guid:7BF360114815CF83B5DEB79856B836A5 BaseClass: NativeClass:/Script/Engine.StaticMeshActor Name:StaticMeshActor_UAID_706979A6F06B58C301_2134318570 Label:S_Mossy_Gravestone_wjuvdewqx_lod3_Var3 SpatiallyLoaded:1 Bounds:IsValid=true, Min=(X=374.091 Y=350.185 Z=-13.098), Max=(X=442.782 Y=410.810 Z=142.127) RuntimeGrid:None EditorOnly:0 RuntimeOnly:0 HLODRelevant:1 ListedInSceneOutliner:1 IsMainWorldOnly:0
 |   |   |- Guid:7F8813EA476A4692E2D39FAA217EFF49 BaseClass: NativeClass:/Script/Engine.RectLight Name:RectLight_UAID_706979A6F06B5AC301_1145708943 Label:RectLight2 SpatiallyLoaded:1 Bounds:IsValid=true, Min=(X=-10.000 Y=120.000 Z=-710.000), Max=(X=1990.000 Y=2120.000 Z=1290.000) RuntimeGrid:None EditorOnly:0 RuntimeOnly:0 HLODRelevant:0 ListedInSceneOutliner:1 IsMainWorldOnly:0
 |   |   |- Guid:82A75AE84D281835B40F60AD233B0C17 BaseClass: NativeClass:/Script/Engine.StaticMeshActor Name:StaticMeshActor_UAID_706979A6F06B59C301_1749620759 Label:S_Mossy_Stone_Wall_ujyjbehqx_lod3_Var7 SpatiallyLoaded:1 Bounds:IsValid=true, Min=(X=1300.219 Y=1.065 Z=-10.713), Max=(X=1363.034 Y=398.775 Z=68.903) RuntimeGrid:None EditorOnly:0 RuntimeOnly:0 HLODRelevant:1 ListedInSceneOutliner:1 IsMainWorldOnly:0
 |   |   |- Guid:854F93AF445004BD0A5EFD8AA7E0BC9D BaseClass: NativeClass:/Script/Engine.StaticMeshActor Name:StaticMeshActor_UAID_706979A6F06B59C301_1766924761 Label:S_Mossy_Stone_Wall_ujyjbehqx_lod3_Var9 SpatiallyLoaded:1 Bounds:IsValid=true, Min=(X=960.219 Y=341.065 Z=-10.713), Max=(X=1023.034 Y=738.775 Z=68.903) RuntimeGrid:None EditorOnly:0 RuntimeOnly:0 HLODRelevant:1 ListedInSceneOutliner:1 IsMainWorldOnly:0
 |   |   |- Guid:8BBF2BF14481C0F807E8AABE65965037 BaseClass: NativeClass:/Script/Engine.StaticMeshActor Name:StaticMeshActor_UAID_706979A6F06B5AC301_2093734949 Label:S_Canyon_Sandstone_Campfire_ulqteek_lod3 SpatiallyLoaded:1 Bounds:IsValid=true, Min=(X=860.538 Y=1320.424 Z=-10.639), Max=(X=979.468 Y=1439.641 Z=19.367) RuntimeGrid:None EditorOnly:0 RuntimeOnly:0 HLODRelevant:1 ListedInSceneOutliner:1 IsMainWorldOnly:0
 |   |   |- Guid:99B3B4D549BD28235766BBAD7EAAD41B BaseClass: NativeClass:/Script/Engine.StaticMeshActor Name:StaticMeshActor_UAID_706979A6F06B5AC301_1277401944 Label:S_Old_Stone_Well_ufhoagrfa_lod3_Var1 SpatiallyLoaded:1 Bounds:IsValid=true, Min=(X=1841.998 Y=385.673 Z=-1.838), Max=(X=2118.086 Y=654.339 Z=89.203) RuntimeGrid:None EditorOnly:0 RuntimeOnly:0 HLODRelevant:1 ListedInSceneOutliner:1 IsMainWorldOnly:0
 |   |   |- Guid:9A506C1C47C933A607F7578780982A7F BaseClass: NativeClass:/Script/Engine.StaticMeshActor Name:StaticMeshActor_UAID_706979A6F06B5BC301_1347073127 Label:S_Rotten_Tree_Stump_wjztdj0s_lod3_Var2 SpatiallyLoaded:1 Bounds:IsValid=true, Min=(X=345.533 Y=2349.650 Z=-17.365), Max=(X=893.294 Y=2782.314 Z=790.955) RuntimeGrid:None EditorOnly:0 RuntimeOnly:0 HLODRelevant:1 ListedInSceneOutliner:1 IsMainWorldOnly:0
 |   |   |- Guid:9F2710F049F2491F984300AAD50255A6 BaseClass: NativeClass:/Script/Engine.StaticMeshActor Name:StaticMeshActor_UAID_706979A6F06B5BC301_1410030128 Label:S_Rotten_Tree_Stump_wjztdj0s_lod3_Var3 SpatiallyLoaded:1 Bounds:IsValid=true, Min=(X=1753.812 Y=848.515 Z=-107.442), Max=(X=2172.437 Y=1449.111 Z=636.002) RuntimeGrid:None EditorOnly:0 RuntimeOnly:0 HLODRelevant:1 ListedInSceneOutliner:1 IsMainWorldOnly:0
 |   |   |- Guid:9F6527FC4A19A79D9CB650BCB991E247 BaseClass: NativeClass:/Script/Engine.StaticMeshActor Name:StaticMeshActor_UAID_706979A6F06B58C301_2097523568 Label:S_Mossy_Gravestone_wjuvdewqx_lod3_Var1 SpatiallyLoaded:1 Bounds:IsValid=true, Min=(X=564.091 Y=780.185 Z=-13.098), Max=(X=632.782 Y=840.810 Z=142.127) RuntimeGrid:None EditorOnly:0 RuntimeOnly:0 HLODRelevant:1 ListedInSceneOutliner:1 IsMainWorldOnly:0
 |   |   |- Guid:B785ED2844B84CFB91E7F39FE661CD99 BaseClass: NativeClass:/Script/Engine.DirectionalLight Name:DirectionalLight_0 Label:DirectionalLight SpatiallyLoaded:0 Bounds:IsValid=true, Min=(X=-4398046511104.000 Y=-4398046511104.000 Z=-4398046511104.000), Max=(X=4398046511104.000 Y=4398046511104.000 Z=4398046511104.000) RuntimeGrid:None EditorOnly:0 RuntimeOnly:0 HLODRelevant:0 ListedInSceneOutliner:1 IsMainWorldOnly:0 FolderPath:Lighting FolderGuid:963EC3EB4002CCE9759E2EBA541A873A
 |   |   |- Guid:BA7050634BE97F304F33BA890BA8D588 BaseClass: NativeClass:/Script/Engine.PointLight Name:PointLight_UAID_706979A6F06B58C301_1802597567 Label:PointLight SpatiallyLoaded:1 Bounds:IsValid=true, Min=(X=-81.058 Y=387.836 Z=-982.762), Max=(X=1918.942 Y=2387.836 Z=1017.238) RuntimeGrid:None EditorOnly:0 RuntimeOnly:0 HLODRelevant:0 ListedInSceneOutliner:1 IsMainWorldOnly:0
 |   |   |- Guid:CCFF262C46EEFFDF319E7F9539CE697E BaseClass: NativeClass:/Script/Engine.SkyAtmosphere Name:SkyAtmosphere_0 Label:SkyAtmosphere SpatiallyLoaded:0 Bounds:IsValid=true, Min=(X=0.000 Y=0.000 Z=1020.000), Max=(X=0.000 Y=0.000 Z=1020.000) RuntimeGrid:None EditorOnly:0 RuntimeOnly:0 HLODRelevant:0 ListedInSceneOutliner:1 IsMainWorldOnly:0 FolderPath:Lighting FolderGuid:963EC3EB4002CCE9759E2EBA541A873A
 |   |   |- Guid:D958C3C340817113D79FB2B7FE7EFE7F BaseClass: NativeClass:/Script/Engine.StaticMeshActor Name:StaticMeshActor_UAID_706979A6F06B59C301_1232548748 Label:S_Japanese_Metal_Lantern_vfvjddova_lod3_Var1 SpatiallyLoaded:1 Bounds:IsValid=true, Min=(X=934.271 Y=1766.690 Z=369.396), Max=(X=983.232 Y=1813.263 Z=435.360) RuntimeGrid:None EditorOnly:0 RuntimeOnly:0 HLODRelevant:1 ListedInSceneOutliner:1 IsMainWorldOnly:0
 |   |   |- Guid:DB2A64154BFC20BEEE533E8735729BFB BaseClass: NativeClass:/Script/Engine.StaticMeshActor Name:StaticMeshActor_UAID_706979A6F06B5BC301_1878592131 Label:S_Wall_Mounted_Chain_uiziefmdw_lod5 SpatiallyLoaded:1 Bounds:IsValid=true, Min=(X=1024.996 Y=1122.722 Z=285.853), Max=(X=1275.060 Y=1137.446 Z=346.942) RuntimeGrid:None EditorOnly:0 RuntimeOnly:0 HLODRelevant:1 ListedInSceneOutliner:1 IsMainWorldOnly:0
 |   |   |- Guid:E077CB7A4E622135F6867C8AB39B0DEF BaseClass: NativeClass:/Script/Engine.StaticMeshActor Name:StaticMeshActor_UAID_706979A6F06B5AC301_1400755946 Label:S_Japanese_Metal_Lantern_vfvjddova_lod3_Var3 SpatiallyLoaded:1 Bounds:IsValid=true, Min=(X=1294.271 Y=1096.690 Z=249.396), Max=(X=1343.232 Y=1143.263 Z=315.360) RuntimeGrid:None EditorOnly:0 RuntimeOnly:0 HLODRelevant:1 ListedInSceneOutliner:1 IsMainWorldOnly:0
 |   |   |- Guid:EC43CA324EF86A97BDCE66995E0EE14D BaseClass: NativeClass:/Script/Engine.StaticMeshActor Name:StaticMeshActor_UAID_706979A6F06B5BC301_1439453129 Label:S_Rotten_Tree_Stump_wjztdj0s_lod3_Var4 SpatiallyLoaded:1 Bounds:IsValid=true, Min=(X=203.843 Y=1072.766 Z=-13.682), Max=(X=420.175 Y=1346.647 Z=390.477) RuntimeGrid:None EditorOnly:0 RuntimeOnly:0 HLODRelevant:1 ListedInSceneOutliner:1 IsMainWorldOnly:0
 |   |   |- Guid:EC4E0C944CE6AC6E784BC6BB2916EA13 BaseClass: NativeClass:/Script/Engine.StaticMeshActor Name:StaticMeshActor_UAID_A4AE111137DC5EFB00_1110535423 Label:SM_SkySphere SpatiallyLoaded:0 Bounds:IsValid=true, Min=(X=-1638400.000 Y=-1638400.000 Z=-1638400.000), Max=(X=1638400.000 Y=1638400.000 Z=1638400.000) RuntimeGrid:None EditorOnly:0 RuntimeOnly:0 HLODRelevant:1 ListedInSceneOutliner:1 IsMainWorldOnly:0 FolderPath:Lighting FolderGuid:963EC3EB4002CCE9759E2EBA541A873A
 |   |   |- Guid:ECBBB05D487550B6183342AD7B197826 BaseClass: NativeClass:/Script/Engine.StaticMeshActor Name:StaticMeshActor_UAID_706979A6F06B5BC301_1319963126 Label:S_Rotten_Tree_Stump_wjztdj0s_lod3_Var1 SpatiallyLoaded:1 Bounds:IsValid=true, Min=(X=1386.706 Y=2417.686 Z=-17.365), Max=(X=1934.467 Y=2850.350 Z=790.955) RuntimeGrid:None EditorOnly:0 RuntimeOnly:0 HLODRelevant:1 ListedInSceneOutliner:1 IsMainWorldOnly:0
 |   |   |- Guid:F1924B8D48954B30891B2DB6A694F9CC BaseClass: NativeClass:/Script/Engine.StaticMeshActor Name:StaticMeshActor_1 Label:SM_Cube SpatiallyLoaded:1 Bounds:IsValid=true, Min=(X=0.000 Y=0.000 Z=-50.000), Max=(X=2597.500 Y=3030.416 Z=-6.708) RuntimeGrid:None EditorOnly:0 RuntimeOnly:0 HLODRelevant:1 ListedInSceneOutliner:1 IsMainWorldOnly:0 FolderPath:Playground FolderGuid:C73F09FC4215536B1DCE2A9E0A830C70
 |   |   |- Guid:F256AA9F41275E766B809B836F63545F BaseClass: NativeClass:/Script/Engine.StaticMeshActor Name:StaticMeshActor_UAID_706979A6F06B5BC301_1785176130 Label:S_Leather_Wooden_Chest_vigiaeoga_lod3_Var1 SpatiallyLoaded:1 Bounds:IsValid=true, Min=(X=865.384 Y=1722.665 Z=229.333), Max=(X=934.412 Y=1817.264 Z=290.824) RuntimeGrid:None EditorOnly:0 RuntimeOnly:0 HLODRelevant:1 ListedInSceneOutliner:1 IsMainWorldOnly:0
 |   |   |- Guid:F5E3FEB3450C49844FD93DA8E083C8AD BaseClass: NativeClass:/Script/Engine.PostProcessVolume Name:PostProcessVolume_0 Label:PostProcessVolume SpatiallyLoaded:0 Bounds:IsValid=true, Min=(X=0.000 Y=0.000 Z=400.000), Max=(X=200.000 Y=200.000 Z=600.000) RuntimeGrid:None EditorOnly:0 RuntimeOnly:0 HLODRelevant:0 ListedInSceneOutliner:1 IsMainWorldOnly:0 FolderPath:Lighting FolderGuid:963EC3EB4002CCE9759E2EBA541A873A
 |   |- [+] Clusters:
 |   |   |- [+] [  0]
 |   |   |   |- Guid:10097AF04FAA56A409FDD09A45A83131 BaseClass: NativeClass:/Script/Engine.StaticMeshActor Name:StaticMeshActor_UAID_706979A6F06B59C301_1766931762 Label:S_Mossy_Stone_Wall_ujyjbehqx_lod3_Var10 SpatiallyLoaded:1 Bounds:IsValid=true, Min=(X=960.219 Y=1.065 Z=-10.713), Max=(X=1023.034 Y=398.775 Z=68.903) RuntimeGrid:None EditorOnly:0 RuntimeOnly:0 HLODRelevant:1 ListedInSceneOutliner:1 IsMainWorldOnly:0
 |   |   |- [+] [  1]
 |   |   |   |- Guid:18213ABC42205200FF5F1186C4751F95 BaseClass: NativeClass:/Script/Engine.SpotLight Name:SpotLight_UAID_706979A6F06B5AC301_1807716948 Label:SpotLight SpatiallyLoaded:1 Bounds:IsValid=true, Min=(X=254.918 Y=1104.918 Z=-970.164), Max=(X=1645.082 Y=2495.082 Z=420.000) RuntimeGrid:None EditorOnly:0 RuntimeOnly:0 HLODRelevant:0 ListedInSceneOutliner:1 IsMainWorldOnly:0
 |   |   |- [+] [  2]
 |   |   |   |- Guid:1B80FC434E6B82A3E25203AEAD70680D BaseClass: NativeClass:/Script/Engine.StaticMeshActor Name:StaticMeshActor_UAID_706979A6F06B59C301_1740888758 Label:S_Mossy_Stone_Wall_ujyjbehqx_lod3_Var6 SpatiallyLoaded:1 Bounds:IsValid=true, Min=(X=1300.219 Y=341.065 Z=-10.713), Max=(X=1363.034 Y=738.775 Z=68.903) RuntimeGrid:None EditorOnly:0 RuntimeOnly:0 HLODRelevant:1 ListedInSceneOutliner:1 IsMainWorldOnly:0
 |   |   |- [+] [  3]
 |   |   |   |- Guid:1C537D54470317940E266E9B4B265F35 BaseClass: NativeClass:/Script/Engine.StaticMeshActor Name:StaticMeshActor_UAID_706979A6F06B59C301_2026442764 Label:S_Pile_Of_Chains_uc1ufamhx_lod4 SpatiallyLoaded:1 Bounds:IsValid=true, Min=(X=896.561 Y=1445.153 Z=-0.084), Max=(X=960.876 Y=1509.912 Z=17.229) RuntimeGrid:None EditorOnly:0 RuntimeOnly:0 HLODRelevant:1 ListedInSceneOutliner:1 IsMainWorldOnly:0
 |   |   |- [+] [  4]
 |   |   |   |- Guid:2BCFA19849AF60C1B9C45E986B9D085E BaseClass: NativeClass:/Script/Engine.StaticMeshActor Name:StaticMeshActor_UAID_706979A6F06B59C301_2012045763 Label:S_Pile_Of_Chains_uc1ufamhx_lod3 SpatiallyLoaded:1 Bounds:IsValid=true, Min=(X=816.561 Y=1265.153 Z=-0.084), Max=(X=880.876 Y=1329.912 Z=17.229) RuntimeGrid:None EditorOnly:0 RuntimeOnly:0 HLODRelevant:1 ListedInSceneOutliner:1 IsMainWorldOnly:0
 |   |   |- [+] [  5]
 |   |   |   |- Guid:2FB58999456391D349DC0F86DAC136ED BaseClass: NativeClass:/Script/Engine.SkyLight Name:SkyLight_1 Label:SkyLight SpatiallyLoaded:0 Bounds:IsValid=true, Min=(X=0.000 Y=0.000 Z=690.000), Max=(X=0.000 Y=0.000 Z=690.000) RuntimeGrid:None EditorOnly:0 RuntimeOnly:0 HLODRelevant:0 ListedInSceneOutliner:1 IsMainWorldOnly:0 FolderPath:Lighting FolderGuid:963EC3EB4002CCE9759E2EBA541A873A
 |   |   |- [+] [  6]
 |   |   |   |- Guid:316CF2A6494ACA4C0E4180A87D36AB8F BaseClass: NativeClass:/Script/Engine.ExponentialHeightFog Name:ExponentialHeightFog_0 Label:ExponentialHeightFog SpatiallyLoaded:0 Bounds:IsValid=true, Min=(X=-5600.000 Y=-50.000 Z=-6850.000), Max=(X=-5600.000 Y=-50.000 Z=-6850.000) RuntimeGrid:None EditorOnly:0 RuntimeOnly:0 HLODRelevant:0 ListedInSceneOutliner:1 IsMainWorldOnly:0 FolderPath:Lighting FolderGuid:963EC3EB4002CCE9759E2EBA541A873A
 |   |   |- [+] [  7]
 |   |   |   |- Guid:3A00AA1C422CE54C0BDB60BAF471BFBB BaseClass: NativeClass:/Script/Engine.PlayerStart Name:PlayerStart_0 Label:PlayerStart SpatiallyLoaded:0 Bounds:IsValid=true, Min=(X=1090.000 Y=90.000 Z=10.013), Max=(X=1170.000 Y=170.000 Z=194.013) RuntimeGrid:None EditorOnly:0 RuntimeOnly:0 HLODRelevant:0 ListedInSceneOutliner:1 IsMainWorldOnly:0
 |   |   |- [+] [  8]
 |   |   |   |- Guid:439D8CA143A1C4FACE4E9083FA8C09C6 BaseClass: NativeClass:/Script/Engine.StaticMeshActor Name:StaticMeshActor_UAID_706979A6F06B5AC301_1718935947 Label:S_Wall_Mounted_Chain_uiziefmdw_lod4 SpatiallyLoaded:1 Bounds:IsValid=true, Min=(X=988.367 Y=1569.738 Z=177.512), Max=(X=1091.577 Y=1690.353 Z=214.165) RuntimeGrid:None EditorOnly:0 RuntimeOnly:0 HLODRelevant:1 ListedInSceneOutliner:1 IsMainWorldOnly:0
 |   |   |- [+] [  9]
 |   |   |   |- Guid:4C96813D44D8422A7E3A709C04AEECAF BaseClass: NativeClass:/Script/Engine.StaticMeshActor Name:StaticMeshActor_UAID_706979A6F06B58C301_2142776571 Label:S_Mossy_Gravestone_wjuvdewqx_lod3_Var4 SpatiallyLoaded:1 Bounds:IsValid=true, Min=(X=554.091 Y=350.185 Z=-13.098), Max=(X=622.782 Y=410.810 Z=142.127) RuntimeGrid:None EditorOnly:0 RuntimeOnly:0 HLODRelevant:1 ListedInSceneOutliner:1 IsMainWorldOnly:0
 |   |   |- [+] [ 10]
 |   |   |   |- Guid:4D3BE93F4146AAAC8BBE79999D96D57F BaseClass: NativeClass:/Script/Engine.VolumetricCloud Name:VolumetricCloud_0 Label:VolumetricCloud SpatiallyLoaded:0 Bounds:IsValid=true, Min=(X=0.000 Y=0.000 Z=820.000), Max=(X=0.000 Y=0.000 Z=820.000) RuntimeGrid:None EditorOnly:0 RuntimeOnly:0 HLODRelevant:0 ListedInSceneOutliner:1 IsMainWorldOnly:0 FolderPath:Lighting FolderGuid:963EC3EB4002CCE9759E2EBA541A873A
 |   |   |- [+] [ 11]
 |   |   |   |- Guid:4F3DF86E43D44477343F85A33E15CC6B BaseClass: NativeClass:/Script/Engine.RectLight Name:RectLight_UAID_706979A6F06B5AC301_1089473942 Label:RectLight SpatiallyLoaded:1 Bounds:IsValid=true, Min=(X=320.000 Y=120.000 Z=-710.000), Max=(X=2320.000 Y=2120.000 Z=1290.000) RuntimeGrid:None EditorOnly:0 RuntimeOnly:0 HLODRelevant:0 ListedInSceneOutliner:1 IsMainWorldOnly:0
 |   |   |- [+] [ 12]
 |   |   |   |- Guid:571C91A1470C3F6FD5AC8D9BF3D8678C BaseClass: NativeClass:/Script/Engine.StaticMeshActor Name:StaticMeshActor_UAID_706979A6F06B59C301_1766884760 Label:S_Mossy_Stone_Wall_ujyjbehqx_lod3_Var8 SpatiallyLoaded:1 Bounds:IsValid=true, Min=(X=960.219 Y=731.065 Z=-10.713), Max=(X=1023.034 Y=1128.775 Z=68.903) RuntimeGrid:None EditorOnly:0 RuntimeOnly:0 HLODRelevant:1 ListedInSceneOutliner:1 IsMainWorldOnly:0
 |   |   |- [+] [ 13]
 |   |   |   |- Guid:612C2A08433670AA7A36679B4A76CE4D BaseClass: NativeClass:/Script/Engine.StaticMeshActor Name:StaticMeshActor_UAID_706979A6F06B58C301_2109057569 Label:S_Mossy_Gravestone_wjuvdewqx_lod3_Var2 SpatiallyLoaded:1 Bounds:IsValid=true, Min=(X=374.091 Y=780.185 Z=-13.098), Max=(X=442.782 Y=840.810 Z=142.127) RuntimeGrid:None EditorOnly:0 RuntimeOnly:0 HLODRelevant:1 ListedInSceneOutliner:1 IsMainWorldOnly:0
 |   |   |- [+] [ 14]
 |   |   |   |- Guid:6713799C4BECAEE9087CDB834EF632AD BaseClass: NativeClass:/Script/Engine.StaticMeshActor Name:StaticMeshActor_UAID_706979A6F06B5AC301_1319841945 Label:S_Japanese_Metal_Lantern_vfvjddova_lod3_Var2 SpatiallyLoaded:1 Bounds:IsValid=true, Min=(X=964.271 Y=1096.690 Z=249.396), Max=(X=1013.232 Y=1143.263 Z=315.360) RuntimeGrid:None EditorOnly:0 RuntimeOnly:0 HLODRelevant:1 ListedInSceneOutliner:1 IsMainWorldOnly:0
 |   |   |- [+] [ 15]
 |   |   |   |- Guid:6BAF4DDD444C60371492D3919DB42C97 BaseClass: NativeClass:/Script/Engine.WorldDataLayers Name:WorldDataLayers Label:WorldDataLayers SpatiallyLoaded:0 Bounds:IsValid=true, Min=(X=0.000 Y=0.000 Z=0.000), Max=(X=0.000 Y=0.000 Z=0.000) RuntimeGrid:None EditorOnly:0 RuntimeOnly:0 HLODRelevant:0 ListedInSceneOutliner:1 IsMainWorldOnly:1
 |   |   |- [+] [ 16]
 |   |   |   |- Guid:711D84964E0674F68063AE8CF4F458F1 BaseClass: NativeClass:/Script/Engine.StaticMeshActor Name:StaticMeshActor_UAID_706979A6F06B59C301_2062201765 Label:S_Wall_Mounted_Chain_uiziefmdw_lod3 SpatiallyLoaded:1 Bounds:IsValid=true, Min=(X=824.998 Y=1565.633 Z=177.512), Max=(X=975.036 Y=1574.468 Z=214.165) RuntimeGrid:None EditorOnly:0 RuntimeOnly:0 HLODRelevant:1 ListedInSceneOutliner:1 IsMainWorldOnly:0
 |   |   |- [+] [ 17]
 |   |   |   |- Guid:7174E36C41BF2F5E077EE992E2A01008 BaseClass: NativeClass:/Script/Engine.StaticMeshActor Name:StaticMeshActor_UAID_706979A6F06B59C301_1606150755 Label:S_Mossy_Stone_Wall_ujyjbehqx_lod3_Var5 SpatiallyLoaded:1 Bounds:IsValid=true, Min=(X=1300.219 Y=731.065 Z=-10.713), Max=(X=1363.034 Y=1128.775 Z=68.903) RuntimeGrid:None EditorOnly:0 RuntimeOnly:0 HLODRelevant:1 ListedInSceneOutliner:1 IsMainWorldOnly:0
 |   |   |- [+] [ 18]
 |   |   |   |- Guid:7BF360114815CF83B5DEB79856B836A5 BaseClass: NativeClass:/Script/Engine.StaticMeshActor Name:StaticMeshActor_UAID_706979A6F06B58C301_2134318570 Label:S_Mossy_Gravestone_wjuvdewqx_lod3_Var3 SpatiallyLoaded:1 Bounds:IsValid=true, Min=(X=374.091 Y=350.185 Z=-13.098), Max=(X=442.782 Y=410.810 Z=142.127) RuntimeGrid:None EditorOnly:0 RuntimeOnly:0 HLODRelevant:1 ListedInSceneOutliner:1 IsMainWorldOnly:0
 |   |   |- [+] [ 19]
 |   |   |   |- Guid:7F8813EA476A4692E2D39FAA217EFF49 BaseClass: NativeClass:/Script/Engine.RectLight Name:RectLight_UAID_706979A6F06B5AC301_1145708943 Label:RectLight2 SpatiallyLoaded:1 Bounds:IsValid=true, Min=(X=-10.000 Y=120.000 Z=-710.000), Max=(X=1990.000 Y=2120.000 Z=1290.000) RuntimeGrid:None EditorOnly:0 RuntimeOnly:0 HLODRelevant:0 ListedInSceneOutliner:1 IsMainWorldOnly:0
 |   |   |- [+] [ 20]
 |   |   |   |- Guid:82A75AE84D281835B40F60AD233B0C17 BaseClass: NativeClass:/Script/Engine.StaticMeshActor Name:StaticMeshActor_UAID_706979A6F06B59C301_1749620759 Label:S_Mossy_Stone_Wall_ujyjbehqx_lod3_Var7 SpatiallyLoaded:1 Bounds:IsValid=true, Min=(X=1300.219 Y=1.065 Z=-10.713), Max=(X=1363.034 Y=398.775 Z=68.903) RuntimeGrid:None EditorOnly:0 RuntimeOnly:0 HLODRelevant:1 ListedInSceneOutliner:1 IsMainWorldOnly:0
 |   |   |- [+] [ 21]
 |   |   |   |- Guid:854F93AF445004BD0A5EFD8AA7E0BC9D BaseClass: NativeClass:/Script/Engine.StaticMeshActor Name:StaticMeshActor_UAID_706979A6F06B59C301_1766924761 Label:S_Mossy_Stone_Wall_ujyjbehqx_lod3_Var9 SpatiallyLoaded:1 Bounds:IsValid=true, Min=(X=960.219 Y=341.065 Z=-10.713), Max=(X=1023.034 Y=738.775 Z=68.903) RuntimeGrid:None EditorOnly:0 RuntimeOnly:0 HLODRelevant:1 ListedInSceneOutliner:1 IsMainWorldOnly:0
 |   |   |- [+] [ 22]
 |   |   |   |- Guid:8BBF2BF14481C0F807E8AABE65965037 BaseClass: NativeClass:/Script/Engine.StaticMeshActor Name:StaticMeshActor_UAID_706979A6F06B5AC301_2093734949 Label:S_Canyon_Sandstone_Campfire_ulqteek_lod3 SpatiallyLoaded:1 Bounds:IsValid=true, Min=(X=860.538 Y=1320.424 Z=-10.639), Max=(X=979.468 Y=1439.641 Z=19.367) RuntimeGrid:None EditorOnly:0 RuntimeOnly:0 HLODRelevant:1 ListedInSceneOutliner:1 IsMainWorldOnly:0
 |   |   |- [+] [ 23]
 |   |   |   |- Guid:99B3B4D549BD28235766BBAD7EAAD41B BaseClass: NativeClass:/Script/Engine.StaticMeshActor Name:StaticMeshActor_UAID_706979A6F06B5AC301_1277401944 Label:S_Old_Stone_Well_ufhoagrfa_lod3_Var1 SpatiallyLoaded:1 Bounds:IsValid=true, Min=(X=1841.998 Y=385.673 Z=-1.838), Max=(X=2118.086 Y=654.339 Z=89.203) RuntimeGrid:None EditorOnly:0 RuntimeOnly:0 HLODRelevant:1 ListedInSceneOutliner:1 IsMainWorldOnly:0
 |   |   |- [+] [ 24]
 |   |   |   |- Guid:9A506C1C47C933A607F7578780982A7F BaseClass: NativeClass:/Script/Engine.StaticMeshActor Name:StaticMeshActor_UAID_706979A6F06B5BC301_1347073127 Label:S_Rotten_Tree_Stump_wjztdj0s_lod3_Var2 SpatiallyLoaded:1 Bounds:IsValid=true, Min=(X=345.533 Y=2349.650 Z=-17.365), Max=(X=893.294 Y=2782.314 Z=790.955) RuntimeGrid:None EditorOnly:0 RuntimeOnly:0 HLODRelevant:1 ListedInSceneOutliner:1 IsMainWorldOnly:0
 |   |   |- [+] [ 25]
 |   |   |   |- Guid:9F2710F049F2491F984300AAD50255A6 BaseClass: NativeClass:/Script/Engine.StaticMeshActor Name:StaticMeshActor_UAID_706979A6F06B5BC301_1410030128 Label:S_Rotten_Tree_Stump_wjztdj0s_lod3_Var3 SpatiallyLoaded:1 Bounds:IsValid=true, Min=(X=1753.812 Y=848.515 Z=-107.442), Max=(X=2172.437 Y=1449.111 Z=636.002) RuntimeGrid:None EditorOnly:0 RuntimeOnly:0 HLODRelevant:1 ListedInSceneOutliner:1 IsMainWorldOnly:0
 |   |   |- [+] [ 26]
 |   |   |   |- Guid:9F6527FC4A19A79D9CB650BCB991E247 BaseClass: NativeClass:/Script/Engine.StaticMeshActor Name:StaticMeshActor_UAID_706979A6F06B58C301_2097523568 Label:S_Mossy_Gravestone_wjuvdewqx_lod3_Var1 SpatiallyLoaded:1 Bounds:IsValid=true, Min=(X=564.091 Y=780.185 Z=-13.098), Max=(X=632.782 Y=840.810 Z=142.127) RuntimeGrid:None EditorOnly:0 RuntimeOnly:0 HLODRelevant:1 ListedInSceneOutliner:1 IsMainWorldOnly:0
 |   |   |- [+] [ 27]
 |   |   |   |- Guid:B785ED2844B84CFB91E7F39FE661CD99 BaseClass: NativeClass:/Script/Engine.DirectionalLight Name:DirectionalLight_0 Label:DirectionalLight SpatiallyLoaded:0 Bounds:IsValid=true, Min=(X=-4398046511104.000 Y=-4398046511104.000 Z=-4398046511104.000), Max=(X=4398046511104.000 Y=4398046511104.000 Z=4398046511104.000) RuntimeGrid:None EditorOnly:0 RuntimeOnly:0 HLODRelevant:0 ListedInSceneOutliner:1 IsMainWorldOnly:0 FolderPath:Lighting FolderGuid:963EC3EB4002CCE9759E2EBA541A873A
 |   |   |- [+] [ 28]
 |   |   |   |- Guid:BA7050634BE97F304F33BA890BA8D588 BaseClass: NativeClass:/Script/Engine.PointLight Name:PointLight_UAID_706979A6F06B58C301_1802597567 Label:PointLight SpatiallyLoaded:1 Bounds:IsValid=true, Min=(X=-81.058 Y=387.836 Z=-982.762), Max=(X=1918.942 Y=2387.836 Z=1017.238) RuntimeGrid:None EditorOnly:0 RuntimeOnly:0 HLODRelevant:0 ListedInSceneOutliner:1 IsMainWorldOnly:0
 |   |   |- [+] [ 29]
 |   |   |   |- Guid:CCFF262C46EEFFDF319E7F9539CE697E BaseClass: NativeClass:/Script/Engine.SkyAtmosphere Name:SkyAtmosphere_0 Label:SkyAtmosphere SpatiallyLoaded:0 Bounds:IsValid=true, Min=(X=0.000 Y=0.000 Z=1020.000), Max=(X=0.000 Y=0.000 Z=1020.000) RuntimeGrid:None EditorOnly:0 RuntimeOnly:0 HLODRelevant:0 ListedInSceneOutliner:1 IsMainWorldOnly:0 FolderPath:Lighting FolderGuid:963EC3EB4002CCE9759E2EBA541A873A
 |   |   |- [+] [ 30]
 |   |   |   |- Guid:D958C3C340817113D79FB2B7FE7EFE7F BaseClass: NativeClass:/Script/Engine.StaticMeshActor Name:StaticMeshActor_UAID_706979A6F06B59C301_1232548748 Label:S_Japanese_Metal_Lantern_vfvjddova_lod3_Var1 SpatiallyLoaded:1 Bounds:IsValid=true, Min=(X=934.271 Y=1766.690 Z=369.396), Max=(X=983.232 Y=1813.263 Z=435.360) RuntimeGrid:None EditorOnly:0 RuntimeOnly:0 HLODRelevant:1 ListedInSceneOutliner:1 IsMainWorldOnly:0
 |   |   |- [+] [ 31]
 |   |   |   |- Guid:DB2A64154BFC20BEEE533E8735729BFB BaseClass: NativeClass:/Script/Engine.StaticMeshActor Name:StaticMeshActor_UAID_706979A6F06B5BC301_1878592131 Label:S_Wall_Mounted_Chain_uiziefmdw_lod5 SpatiallyLoaded:1 Bounds:IsValid=true, Min=(X=1024.996 Y=1122.722 Z=285.853), Max=(X=1275.060 Y=1137.446 Z=346.942) RuntimeGrid:None EditorOnly:0 RuntimeOnly:0 HLODRelevant:1 ListedInSceneOutliner:1 IsMainWorldOnly:0
 |   |   |- [+] [ 32]
 |   |   |   |- Guid:E077CB7A4E622135F6867C8AB39B0DEF BaseClass: NativeClass:/Script/Engine.StaticMeshActor Name:StaticMeshActor_UAID_706979A6F06B5AC301_1400755946 Label:S_Japanese_Metal_Lantern_vfvjddova_lod3_Var3 SpatiallyLoaded:1 Bounds:IsValid=true, Min=(X=1294.271 Y=1096.690 Z=249.396), Max=(X=1343.232 Y=1143.263 Z=315.360) RuntimeGrid:None EditorOnly:0 RuntimeOnly:0 HLODRelevant:1 ListedInSceneOutliner:1 IsMainWorldOnly:0
 |   |   |- [+] [ 33]
 |   |   |   |- Guid:EC43CA324EF86A97BDCE66995E0EE14D BaseClass: NativeClass:/Script/Engine.StaticMeshActor Name:StaticMeshActor_UAID_706979A6F06B5BC301_1439453129 Label:S_Rotten_Tree_Stump_wjztdj0s_lod3_Var4 SpatiallyLoaded:1 Bounds:IsValid=true, Min=(X=203.843 Y=1072.766 Z=-13.682), Max=(X=420.175 Y=1346.647 Z=390.477) RuntimeGrid:None EditorOnly:0 RuntimeOnly:0 HLODRelevant:1 ListedInSceneOutliner:1 IsMainWorldOnly:0
 |   |   |- [+] [ 34]
 |   |   |   |- Guid:EC4E0C944CE6AC6E784BC6BB2916EA13 BaseClass: NativeClass:/Script/Engine.StaticMeshActor Name:StaticMeshActor_UAID_A4AE111137DC5EFB00_1110535423 Label:SM_SkySphere SpatiallyLoaded:0 Bounds:IsValid=true, Min=(X=-1638400.000 Y=-1638400.000 Z=-1638400.000), Max=(X=1638400.000 Y=1638400.000 Z=1638400.000) RuntimeGrid:None EditorOnly:0 RuntimeOnly:0 HLODRelevant:1 ListedInSceneOutliner:1 IsMainWorldOnly:0 FolderPath:Lighting FolderGuid:963EC3EB4002CCE9759E2EBA541A873A
 |   |   |- [+] [ 35]
 |   |   |   |- Guid:ECBBB05D487550B6183342AD7B197826 BaseClass: NativeClass:/Script/Engine.StaticMeshActor Name:StaticMeshActor_UAID_706979A6F06B5BC301_1319963126 Label:S_Rotten_Tree_Stump_wjztdj0s_lod3_Var1 SpatiallyLoaded:1 Bounds:IsValid=true, Min=(X=1386.706 Y=2417.686 Z=-17.365), Max=(X=1934.467 Y=2850.350 Z=790.955) RuntimeGrid:None EditorOnly:0 RuntimeOnly:0 HLODRelevant:1 ListedInSceneOutliner:1 IsMainWorldOnly:0
 |   |   |- [+] [ 36]
 |   |   |   |- Guid:F1924B8D48954B30891B2DB6A694F9CC BaseClass: NativeClass:/Script/Engine.StaticMeshActor Name:StaticMeshActor_1 Label:SM_Cube SpatiallyLoaded:1 Bounds:IsValid=true, Min=(X=0.000 Y=0.000 Z=-50.000), Max=(X=2597.500 Y=3030.416 Z=-6.708) RuntimeGrid:None EditorOnly:0 RuntimeOnly:0 HLODRelevant:1 ListedInSceneOutliner:1 IsMainWorldOnly:0 FolderPath:Playground FolderGuid:C73F09FC4215536B1DCE2A9E0A830C70
 |   |   |- [+] [ 37]
 |   |   |   |- Guid:F256AA9F41275E766B809B836F63545F BaseClass: NativeClass:/Script/Engine.StaticMeshActor Name:StaticMeshActor_UAID_706979A6F06B5BC301_1785176130 Label:S_Leather_Wooden_Chest_vigiaeoga_lod3_Var1 SpatiallyLoaded:1 Bounds:IsValid=true, Min=(X=865.384 Y=1722.665 Z=229.333), Max=(X=934.412 Y=1817.264 Z=290.824) RuntimeGrid:None EditorOnly:0 RuntimeOnly:0 HLODRelevant:1 ListedInSceneOutliner:1 IsMainWorldOnly:0
 |   |   |- [+] [ 38]
 |   |   |   |- Guid:F5E3FEB3450C49844FD93DA8E083C8AD BaseClass: NativeClass:/Script/Engine.PostProcessVolume Name:PostProcessVolume_0 Label:PostProcessVolume SpatiallyLoaded:0 Bounds:IsValid=true, Min=(X=0.000 Y=0.000 Z=400.000), Max=(X=200.000 Y=200.000 Z=600.000) RuntimeGrid:None EditorOnly:0 RuntimeOnly:0 HLODRelevant:0 ListedInSceneOutliner:1 IsMainWorldOnly:0 FolderPath:Lighting FolderGuid:963EC3EB4002CCE9759E2EBA541A873A
 |- ContainerInstances:
 |- [+] MainContainer:
 |   |-        ID: 00000000000000000000000000000000
 |   |-  ParentID: 00000000000000000000000000000000
 |   |-    Bounds: IsValid=false, Min=(X=0.000 Y=0.000 Z=0.000), Max=(X=0.000 Y=0.000 Z=0.000)
 |   |- Transform: 0.000000,0.000000,0.000000|0.000000,0.000000,-0.000000|1.000000,1.000000,1.000000
 |   |- Container: /Game/ThirdPerson/Maps/ThirdPersonMap
----------------------------------------------------------------------------------------------------------------
ThirdPersonMap - Persistent Level
----------------------------------------------------------------------------------------------------------------
[+] Content of ThirdPersonMap Persistent Level
 |- Always loaded Actor Count: 53 
 |- Actor Path: /Game/ThirdPerson/Maps/ThirdPersonMap.ThirdPersonMap:PersistentLevel.AbstractNavData-Default
 |- Actor Package: /Game/ThirdPerson/Maps/ThirdPersonMap
 |- Actor Path: /Game/ThirdPerson/Maps/ThirdPersonMap.ThirdPersonMap:PersistentLevel.Brush_0
 |- Actor Package: /Game/ThirdPerson/Maps/ThirdPersonMap
 |- Actor Path: /Game/ThirdPerson/Maps/ThirdPersonMap.ThirdPersonMap:PersistentLevel.Brush_1
 |- Actor Package: /Game/ThirdPerson/Maps/ThirdPersonMap
 |- Actor Path: /Game/ThirdPerson/Maps/ThirdPersonMap.ThirdPersonMap:PersistentLevel.Brush_2
 |- Actor Package: /Game/ThirdPerson/Maps/ThirdPersonMap
 |- Actor Path: /Game/ThirdPerson/Maps/ThirdPersonMap.ThirdPersonMap:PersistentLevel.Brush_3
 |- Actor Package: /Game/ThirdPerson/Maps/ThirdPersonMap
 |- Actor Path: /Game/ThirdPerson/Maps/ThirdPersonMap.ThirdPersonMap:PersistentLevel.Brush_4
 |- Actor Package: /Game/ThirdPerson/Maps/ThirdPersonMap
 |- Actor Path: /Game/ThirdPerson/Maps/ThirdPersonMap.ThirdPersonMap:PersistentLevel.Brush_5
 |- Actor Package: /Game/ThirdPerson/Maps/ThirdPersonMap
 |- Actor Path: /Game/ThirdPerson/Maps/ThirdPersonMap.ThirdPersonMap:PersistentLevel.Brush_6
 |- Actor Package: /Game/ThirdPerson/Maps/ThirdPersonMap
 |- Actor Path: /Game/ThirdPerson/Maps/ThirdPersonMap.ThirdPersonMap:PersistentLevel.Brush_8
 |- Actor Package: /Game/ThirdPerson/Maps/ThirdPersonMap
 |- Actor Path: /Game/ThirdPerson/Maps/ThirdPersonMap.ThirdPersonMap:PersistentLevel.DefaultPhysicsVolume_0
 |- Actor Package: /Game/ThirdPerson/Maps/ThirdPersonMap
 |- Actor Path: /Game/ThirdPerson/Maps/ThirdPersonMap.ThirdPersonMap:PersistentLevel.DirectionalLight_0
 |- Actor Package: /Game/__ExternalActors__/ThirdPerson/Maps/ThirdPersonMap/5/R1/TS5OQ5CRUWFZYL1ZQ7I416
 |- Actor Path: /Game/ThirdPerson/Maps/ThirdPersonMap.ThirdPersonMap:PersistentLevel.ExponentialHeightFog_0
 |- Actor Package: /Game/__ExternalActors__/ThirdPerson/Maps/ThirdPersonMap/6/J7/N10XDC9G27EMLS5AGZ6AVV
 |- Actor Path: /Game/ThirdPerson/Maps/ThirdPersonMap.ThirdPersonMap:PersistentLevel.GameplayDebuggerPlayerManager_0
 |- Actor Package: /Game/ThirdPerson/Maps/ThirdPersonMap
 |- Actor Path: /Game/ThirdPerson/Maps/ThirdPersonMap.ThirdPersonMap:PersistentLevel.PlayerStart_0
 |- Actor Package: /Game/__ExternalActors__/ThirdPerson/Maps/ThirdPersonMap/D/DE/SWSI13675DVYIZ0N4NF7Y3
 |- Actor Path: /Game/ThirdPerson/Maps/ThirdPersonMap.ThirdPersonMap:PersistentLevel.PointLight_UAID_706979A6F06B58C301_1802597567
 |- Actor Package: /Game/__ExternalActors__/ThirdPerson/Maps/ThirdPersonMap/8/Y3/W7PFU3HHP6MITINW0J7BN9
 |- Actor Path: /Game/ThirdPerson/Maps/ThirdPersonMap.ThirdPersonMap:PersistentLevel.PostProcessVolume_0
 |- Actor Package: /Game/__ExternalActors__/ThirdPerson/Maps/ThirdPersonMap/1/AZ/A7GPT109Y6ZTTJD4A7TXER
 |- Actor Path: /Game/ThirdPerson/Maps/ThirdPersonMap.ThirdPersonMap:PersistentLevel.RectLight_UAID_706979A6F06B5AC301_1089473942
 |- Actor Package: /Game/__ExternalActors__/ThirdPerson/Maps/ThirdPersonMap/1/5D/Q6NRQ5C3LEG7B4JX1KH2E7
 |- Actor Path: /Game/ThirdPerson/Maps/ThirdPersonMap.ThirdPersonMap:PersistentLevel.RectLight_UAID_706979A6F06B5AC301_1145708943
 |- Actor Package: /Game/__ExternalActors__/ThirdPerson/Maps/ThirdPersonMap/E/2C/43BNSRCOPTNATVTPQMHXVQ
 |- Actor Path: /Game/ThirdPerson/Maps/ThirdPersonMap.ThirdPersonMap:PersistentLevel.SkyAtmosphere_0
 |- Actor Package: /Game/__ExternalActors__/ThirdPerson/Maps/ThirdPersonMap/4/LN/30UBDLYFFA5ZR7U4W4L4GG
 |- Actor Path: /Game/ThirdPerson/Maps/ThirdPersonMap.ThirdPersonMap:PersistentLevel.SkyLight_1
 |- Actor Package: /Game/__ExternalActors__/ThirdPerson/Maps/ThirdPersonMap/8/S1/DXUWD12MD3HRWVVXX076BY
 |- Actor Path: /Game/ThirdPerson/Maps/ThirdPersonMap.ThirdPersonMap:PersistentLevel.SpotLight_UAID_706979A6F06B5AC301_1807716948
 |- Actor Package: /Game/__ExternalActors__/ThirdPerson/Maps/ThirdPersonMap/0/2I/J06FUSEQL5KWWG10C93C3Z
 |- Actor Path: /Game/ThirdPerson/Maps/ThirdPersonMap.ThirdPersonMap:PersistentLevel.StaticMeshActor_1
 |- Actor Package: /Game/__ExternalActors__/ThirdPerson/Maps/ThirdPersonMap/6/YO/NG2R9BPZVA7ZDN0Z4VSTG6
 |- Actor Path: /Game/ThirdPerson/Maps/ThirdPersonMap.ThirdPersonMap:PersistentLevel.StaticMeshActor_UAID_706979A6F06B58C301_2097523568
 |- Actor Package: /Game/__ExternalActors__/ThirdPerson/Maps/ThirdPersonMap/1/7L/XMC5DPFK22ZGGO3I5H00AM
 |- Actor Path: /Game/ThirdPerson/Maps/ThirdPersonMap.ThirdPersonMap:PersistentLevel.StaticMeshActor_UAID_706979A6F06B58C301_2109057569
 |- Actor Package: /Game/__ExternalActors__/ThirdPerson/Maps/ThirdPersonMap/1/PI/AGRZ72XWF6ZN84AX422JV2
 |- Actor Path: /Game/ThirdPerson/Maps/ThirdPersonMap.ThirdPersonMap:PersistentLevel.StaticMeshActor_UAID_706979A6F06B58C301_2134318570
 |- Actor Package: /Game/__ExternalActors__/ThirdPerson/Maps/ThirdPersonMap/A/4Q/WA1FFX3942HN8AW8FQIT8R
 |- Actor Path: /Game/ThirdPerson/Maps/ThirdPersonMap.ThirdPersonMap:PersistentLevel.StaticMeshActor_UAID_706979A6F06B58C301_2142776571
 |- Actor Package: /Game/__ExternalActors__/ThirdPerson/Maps/ThirdPersonMap/B/HO/1UB0VRDX16OT3ECUGAVJPP
 |- Actor Path: /Game/ThirdPerson/Maps/ThirdPersonMap.ThirdPersonMap:PersistentLevel.StaticMeshActor_UAID_706979A6F06B59C301_1232548748
 |- Actor Package: /Game/__ExternalActors__/ThirdPerson/Maps/ThirdPersonMap/B/OX/T4D3BGUEA41YBK0XT22BYF
 |- Actor Path: /Game/ThirdPerson/Maps/ThirdPersonMap.ThirdPersonMap:PersistentLevel.StaticMeshActor_UAID_706979A6F06B59C301_1606150755
 |- Actor Package: /Game/__ExternalActors__/ThirdPerson/Maps/ThirdPersonMap/9/00/HMIGSVW7OPUSNWRQIPDYX1
 |- Actor Path: /Game/ThirdPerson/Maps/ThirdPersonMap.ThirdPersonMap:PersistentLevel.StaticMeshActor_UAID_706979A6F06B59C301_1740888758
 |- Actor Package: /Game/__ExternalActors__/ThirdPerson/Maps/ThirdPersonMap/6/24/54LKSEUM8PYCWGX2FB455T
 |- Actor Path: /Game/ThirdPerson/Maps/ThirdPersonMap.ThirdPersonMap:PersistentLevel.StaticMeshActor_UAID_706979A6F06B59C301_1749620759
 |- Actor Package: /Game/__ExternalActors__/ThirdPerson/Maps/ThirdPersonMap/6/NQ/JBM9OPW75WE4OOLL6SGSHS
 |- Actor Path: /Game/ThirdPerson/Maps/ThirdPersonMap.ThirdPersonMap:PersistentLevel.StaticMeshActor_UAID_706979A6F06B59C301_1766884760
 |- Actor Package: /Game/__ExternalActors__/ThirdPerson/Maps/ThirdPersonMap/D/4M/9JM2L058614UCHHI2AHOPN
 |- Actor Path: /Game/ThirdPerson/Maps/ThirdPersonMap.ThirdPersonMap:PersistentLevel.StaticMeshActor_UAID_706979A6F06B59C301_1766924761
 |- Actor Package: /Game/__ExternalActors__/ThirdPerson/Maps/ThirdPersonMap/8/S6/9FAV45DA6TX2A0HV5TLKNJ
 |- Actor Path: /Game/ThirdPerson/Maps/ThirdPersonMap.ThirdPersonMap:PersistentLevel.StaticMeshActor_UAID_706979A6F06B59C301_1766931762
 |- Actor Package: /Game/__ExternalActors__/ThirdPerson/Maps/ThirdPersonMap/0/JH/PT3UYGI9CK17343F9H9SAU
 |- Actor Path: /Game/ThirdPerson/Maps/ThirdPersonMap.ThirdPersonMap:PersistentLevel.StaticMeshActor_UAID_706979A6F06B59C301_2012045763
 |- Actor Package: /Game/__ExternalActors__/ThirdPerson/Maps/ThirdPersonMap/D/3M/PMX8AAVQB7MIIRXDQDWIPY
 |- Actor Path: /Game/ThirdPerson/Maps/ThirdPersonMap.ThirdPersonMap:PersistentLevel.StaticMeshActor_UAID_706979A6F06B59C301_2026442764
 |- Actor Package: /Game/__ExternalActors__/ThirdPerson/Maps/ThirdPersonMap/E/OL/WQ6B4M7WEA18625E7IPG95
 |- Actor Path: /Game/ThirdPerson/Maps/ThirdPersonMap.ThirdPersonMap:PersistentLevel.StaticMeshActor_UAID_706979A6F06B59C301_2062201765
 |- Actor Package: /Game/__ExternalActors__/ThirdPerson/Maps/ThirdPersonMap/6/EG/DMRPDWH2Y4EJA83W1SMYNG
 |- Actor Path: /Game/ThirdPerson/Maps/ThirdPersonMap.ThirdPersonMap:PersistentLevel.StaticMeshActor_UAID_706979A6F06B5AC301_1277401944
 |- Actor Package: /Game/__ExternalActors__/ThirdPerson/Maps/ThirdPersonMap/2/L2/45LCP3243QRSE6YPIY5L4V
 |- Actor Path: /Game/ThirdPerson/Maps/ThirdPersonMap.ThirdPersonMap:PersistentLevel.StaticMeshActor_UAID_706979A6F06B5AC301_1319841945
 |- Actor Package: /Game/__ExternalActors__/ThirdPerson/Maps/ThirdPersonMap/7/ZW/MXV6Z9RBTXYLPUS1AXPF74
 |- Actor Path: /Game/ThirdPerson/Maps/ThirdPersonMap.ThirdPersonMap:PersistentLevel.StaticMeshActor_UAID_706979A6F06B5AC301_1400755946
 |- Actor Package: /Game/__ExternalActors__/ThirdPerson/Maps/ThirdPersonMap/1/5F/TO35LXDT7VAWSAS6UACHVC
 |- Actor Path: /Game/ThirdPerson/Maps/ThirdPersonMap.ThirdPersonMap:PersistentLevel.StaticMeshActor_UAID_706979A6F06B5AC301_1718935947
 |- Actor Package: /Game/__ExternalActors__/ThirdPerson/Maps/ThirdPersonMap/1/GY/YCH3XUCQMJZ1TM1H9M55BD
 |- Actor Path: /Game/ThirdPerson/Maps/ThirdPersonMap.ThirdPersonMap:PersistentLevel.StaticMeshActor_UAID_706979A6F06B5AC301_2093734949
 |- Actor Package: /Game/__ExternalActors__/ThirdPerson/Maps/ThirdPersonMap/E/2V/3YHPOD5HTDU79A6ZT0G27V
 |- Actor Path: /Game/ThirdPerson/Maps/ThirdPersonMap.ThirdPersonMap:PersistentLevel.StaticMeshActor_UAID_706979A6F06B5BC301_1319963126
 |- Actor Package: /Game/__ExternalActors__/ThirdPerson/Maps/ThirdPersonMap/4/5L/S5ENBB46G27ZGOEWVZTZDQ
 |- Actor Path: /Game/ThirdPerson/Maps/ThirdPersonMap.ThirdPersonMap:PersistentLevel.StaticMeshActor_UAID_706979A6F06B5BC301_1347073127
 |- Actor Package: /Game/__ExternalActors__/ThirdPerson/Maps/ThirdPersonMap/3/LA/0ULIKY0KDIVP8MBMZTYNP3
 |- Actor Path: /Game/ThirdPerson/Maps/ThirdPersonMap.ThirdPersonMap:PersistentLevel.StaticMeshActor_UAID_706979A6F06B5BC301_1410030128
 |- Actor Package: /Game/__ExternalActors__/ThirdPerson/Maps/ThirdPersonMap/6/6K/HOEG5XQA9RRD286LU2D91R
 |- Actor Path: /Game/ThirdPerson/Maps/ThirdPersonMap.ThirdPersonMap:PersistentLevel.StaticMeshActor_UAID_706979A6F06B5BC301_1439453129
 |- Actor Package: /Game/__ExternalActors__/ThirdPerson/Maps/ThirdPersonMap/1/1Z/HJA82SEQLHRSFUO7SCZL3X
 |- Actor Path: /Game/ThirdPerson/Maps/ThirdPersonMap.ThirdPersonMap:PersistentLevel.StaticMeshActor_UAID_706979A6F06B5BC301_1785176130
 |- Actor Package: /Game/__ExternalActors__/ThirdPerson/Maps/ThirdPersonMap/3/H8/V87SG5CE9E2DII6GUVNGYV
 |- Actor Path: /Game/ThirdPerson/Maps/ThirdPersonMap.ThirdPersonMap:PersistentLevel.StaticMeshActor_UAID_706979A6F06B5BC301_1878592131
 |- Actor Package: /Game/__ExternalActors__/ThirdPerson/Maps/ThirdPersonMap/E/D2/5QDB9K9F95GVCMAYWOBECD
 |- Actor Path: /Game/ThirdPerson/Maps/ThirdPersonMap.ThirdPersonMap:PersistentLevel.StaticMeshActor_UAID_A4AE111137DC5EFB00_1110535423
 |- Actor Package: /Game/__ExternalActors__/ThirdPerson/Maps/ThirdPersonMap/4/PN/2QISIGK5DJNQ05US8O8FXW
 |- Actor Path: /Game/ThirdPerson/Maps/ThirdPersonMap.ThirdPersonMap:PersistentLevel.ThirdPersonExampleMap_C_0
 |- Actor Package: /Game/ThirdPerson/Maps/ThirdPersonMap
 |- Actor Path: /Game/ThirdPerson/Maps/ThirdPersonMap.ThirdPersonMap:PersistentLevel.VolumetricCloud_0
 |- Actor Package: /Game/__ExternalActors__/ThirdPerson/Maps/ThirdPersonMap/3/EY/87SHEJN5UBEAN2K5OV1G6R
 |- Actor Path: /Game/ThirdPerson/Maps/ThirdPersonMap.ThirdPersonMap:PersistentLevel.WorldDataLayers
 |- Actor Package: /Game/__ExternalActors__/ThirdPerson/Maps/ThirdPersonMap/0/43/HYQWORMY4JDQ5X3OKZXFLC
 |- Actor Path: /Game/ThirdPerson/Maps/ThirdPersonMap.ThirdPersonMap:PersistentLevel.WorldInfo_0
 |- Actor Package: /Game/ThirdPerson/Maps/ThirdPersonMap
 |- Actor Path: /Game/ThirdPerson/Maps/ThirdPersonMap.ThirdPersonMap:PersistentLevel.WorldPartitionMiniMap_0
 |- Actor Package: /Game/__ExternalActors__/ThirdPerson/Maps/ThirdPersonMap/E/FR/LBG6LPN5JCL3FMVSI2CK6R

----------------------------------------------------------------------------------------------------------------
ThirdPersonMap - Runtime Spatial Hash - Streaming Grid - MainGrid
----------------------------------------------------------------------------------------------------------------
            Origin: X=0.000 Y=0.000 Z=0.000
         Cell Size: 12800
      World Bounds: IsValid=false, Min=(X=0.000 Y=0.000 Z=0.000), Max=(X=0.000 Y=0.000 Z=0.000)
     Loading Range: 25600.00
Block Slow Loading: No
 ClientOnlyVisible: No
            Origin: X=0.000 Y=0.000 Z=0.000

[+] Grid Levels: 1
 |- Level  0: Cell Count    0 | Cell Size   12800 | Actor Count    0 (0.0%)

[+] Content of Grid Level 0

